# JRE version: Java(TM) SE Runtime Environment (8.0_73-b02) (build 1.8.0_73-b02)
# Java VM: Java HotSpot(TM) 64-Bit Server VM (25.73-b02 mixed mode windows-amd64 compressed oops)
Heap:
 PSYoungGen      total 443904K, used 72835K [0x00000000e0000000, 0x00000000ff900000, 0x0000000100000000)
  eden space 376832K, 16% used [0x00000000e0000000,0x00000000e3e0a738,0x00000000f7000000)
  from space 67072K, 13% used [0x00000000fb780000,0x00000000fc0964d8,0x00000000ff900000)
  to   space 70144K, 0% used [0x00000000f7000000,0x00000000f7000000,0x00000000fb480000)
 ParOldGen       total 215040K, used 190931K [0x00000000a0000000, 0x00000000ad200000, 0x00000000e0000000)
  object space 215040K, 88% used [0x00000000a0000000,0x00000000aba74d58,0x00000000ad200000)
 Metaspace       used 120491K, capacity 126022K, committed 126336K, reserved 1159168K
  class space    used 15799K, capacity 16874K, committed 17024K, reserved 1048576K
GC Heap History (10 events):
Event: 3023.112 GC heap before
{Heap before GC invocations=32 (full 4):
 PSYoungGen      total 433664K, used 359051K [0x00000000e0000000, 0x00000000ffd00000, 0x0000000100000000)
  eden space 350208K, 100% used [0x00000000e0000000,0x00000000f5600000,0x00000000f5600000)
  from space 83456K, 10% used [0x00000000f5600000,0x00000000f5ea2cc0,0x00000000fa780000)
  to   space 81920K, 0% used [0x00000000fad00000,0x00000000fad00000,0x00000000ffd00000)
 ParOldGen       total 215040K, used 152899K [0x00000000a0000000, 0x00000000ad200000, 0x00000000e0000000)
  object space 215040K, 71% used [0x00000000a0000000,0x00000000a9550ff0,0x00000000ad200000)
 Metaspace       used 120403K, capacity 125950K, committed 126336K, reserved 1159168K
  class space    used 15797K, capacity 16874K, committed 17024K, reserved 1048576K
Event: 3023.349 GC heap after
Heap after GC invocations=32 (full 4):
 PSYoungGen      total 433152K, used 24857K [0x00000000e0000000, 0x00000000ff580000, 0x0000000100000000)
  eden space 358912K, 0% used [0x00000000e0000000,0x00000000e0000000,0x00000000f5e80000)
  from space 74240K, 33% used [0x00000000fad00000,0x00000000fc546608,0x00000000ff580000)
  to   space 77312K, 0% used [0x00000000f5e80000,0x00000000f5e80000,0x00000000faa00000)
 ParOldGen       total 215040K, used 160120K [0x00000000a0000000, 0x00000000ad200000, 0x00000000e0000000)
  object space 215040K, 74% used [0x00000000a0000000,0x00000000a9c5e170,0x00000000ad200000)
 Metaspace       used 120403K, capacity 125950K, committed 126336K, reserved 1159168K
  class space    used 15797K, capacity 16874K, committed 17024K, reserved 1048576K
}
Event: 3029.274 GC heap before
{Heap before GC invocations=33 (full 4):
 PSYoungGen      total 433152K, used 383769K [0x00000000e0000000, 0x00000000ff580000, 0x0000000100000000)
  eden space 358912K, 100% used [0x00000000e0000000,0x00000000f5e80000,0x00000000f5e80000)
  from space 74240K, 33% used [0x00000000fad00000,0x00000000fc546608,0x00000000ff580000)
  to   space 77312K, 0% used [0x00000000f5e80000,0x00000000f5e80000,0x00000000faa00000)
 ParOldGen       total 215040K, used 160120K [0x00000000a0000000, 0x00000000ad200000, 0x00000000e0000000)
  object space 215040K, 74% used [0x00000000a0000000,0x00000000a9c5e170,0x00000000ad200000)
 Metaspace       used 120421K, capacity 125958K, committed 126336K, reserved 1159168K
  class space    used 15798K, capacity 16874K, committed 17024K, reserved 1048576K
Event: 3029.336 GC heap after
Heap after GC invocations=33 (full 4):
 PSYoungGen      total 436224K, used 5353K [0x00000000e0000000, 0x0000000100000000, 0x0000000100000000)
  eden space 358912K, 0% used [0x00000000e0000000,0x00000000e0000000,0x00000000f5e80000)
  from space 77312K, 6% used [0x00000000f5e80000,0x00000000f63ba728,0x00000000faa00000)
  to   space 76800K, 0% used [0x00000000fb500000,0x00000000fb500000,0x0000000100000000)
 ParOldGen       total 215040K, used 181639K [0x00000000a0000000, 0x00000000ad200000, 0x00000000e0000000)
  object space 215040K, 84% used [0x00000000a0000000,0x00000000ab161e58,0x00000000ad200000)
 Metaspace       used 120421K, capacity 125958K, committed 126336K, reserved 1159168K
  class space    used 15798K, capacity 16874K, committed 17024K, reserved 1048576K
}
Event: 3032.207 GC heap before
{Heap before GC invocations=34 (full 4):
 PSYoungGen      total 436224K, used 364265K [0x00000000e0000000, 0x0000000100000000, 0x0000000100000000)
  eden space 358912K, 100% used [0x00000000e0000000,0x00000000f5e80000,0x00000000f5e80000)
  from space 77312K, 6% used [0x00000000f5e80000,0x00000000f63ba728,0x00000000faa00000)
  to   space 76800K, 0% used [0x00000000fb500000,0x00000000fb500000,0x0000000100000000)
 ParOldGen       total 215040K, used 181639K [0x00000000a0000000, 0x00000000ad200000, 0x00000000e0000000)
  object space 215040K, 84% used [0x00000000a0000000,0x00000000ab161e58,0x00000000ad200000)
 Metaspace       used 120452K, capacity 126022K, committed 126336K, reserved 1159168K
  class space    used 15798K, capacity 16874K, committed 17024K, reserved 1048576K
Event: 3032.437 GC heap after
Heap after GC invocations=34 (full 4):
 PSYoungGen      total 442368K, used 9548K [0x00000000e0000000, 0x00000000ffb80000, 0x0000000100000000)
  eden space 370176K, 0% used [0x00000000e0000000,0x00000000e0000000,0x00000000f6980000)
  from space 72192K, 13% used [0x00000000fb500000,0x00000000fbe53310,0x00000000ffb80000)
  to   space 74752K, 0% used [0x00000000f6980000,0x00000000f6980000,0x00000000fb280000)
 ParOldGen       total 215040K, used 181639K [0x00000000a0000000, 0x00000000ad200000, 0x00000000e0000000)
  object space 215040K, 84% used [0x00000000a0000000,0x00000000ab161e58,0x00000000ad200000)
 Metaspace       used 120452K, capacity 126022K, committed 126336K, reserved 1159168K
  class space    used 15798K, capacity 16874K, committed 17024K, reserved 1048576K
}
Event: 3042.401 GC heap before
{Heap before GC invocations=35 (full 4):
 PSYoungGen      total 442368K, used 379724K [0x00000000e0000000, 0x00000000ffb80000, 0x0000000100000000)
  eden space 370176K, 100% used [0x00000000e0000000,0x00000000f6980000,0x00000000f6980000)
  from space 72192K, 13% used [0x00000000fb500000,0x00000000fbe53310,0x00000000ffb80000)
  to   space 74752K, 0% used [0x00000000f6980000,0x00000000f6980000,0x00000000fb280000)
 ParOldGen       total 215040K, used 181639K [0x00000000a0000000, 0x00000000ad200000, 0x00000000e0000000)
  object space 215040K, 84% used [0x00000000a0000000,0x00000000ab161e58,0x00000000ad200000)
 Metaspace       used 120463K, capacity 126022K, committed 126336K, reserved 1159168K
  class space    used 15799K, capacity 16874K, committed 17024K, reserved 1048576K
Event: 3042.544 GC heap after
Heap after GC invocations=35 (full 4):
 PSYoungGen      total 444928K, used 7127K [0x00000000e0000000, 0x00000000ffe80000, 0x0000000100000000)
  eden space 370176K, 0% used [0x00000000e0000000,0x00000000e0000000,0x00000000f6980000)
  from space 74752K, 9% used [0x00000000f6980000,0x00000000f7075d70,0x00000000fb280000)
  to   space 72704K, 0% used [0x00000000fb780000,0x00000000fb780000,0x00000000ffe80000)
 ParOldGen       total 215040K, used 188622K [0x00000000a0000000, 0x00000000ad200000, 0x00000000e0000000)
  object space 215040K, 87% used [0x00000000a0000000,0x00000000ab833b80,0x00000000ad200000)
 Metaspace       used 120463K, capacity 126022K, committed 126336K, reserved 1159168K
  class space    used 15799K, capacity 16874K, committed 17024K, reserved 1048576K
}
Event: 3055.506 GC heap before
{Heap before GC invocations=36 (full 4):
 PSYoungGen      total 444928K, used 377303K [0x00000000e0000000, 0x00000000ffe80000, 0x0000000100000000)
  eden space 370176K, 100% used [0x00000000e0000000,0x00000000f6980000,0x00000000f6980000)
  from space 74752K, 9% used [0x00000000f6980000,0x00000000f7075d70,0x00000000fb280000)
  to   space 72704K, 0% used [0x00000000fb780000,0x00000000fb780000,0x00000000ffe80000)
 ParOldGen       total 215040K, used 188622K [0x00000000a0000000, 0x00000000ad200000, 0x00000000e0000000)
  object space 215040K, 87% used [0x00000000a0000000,0x00000000ab833b80,0x00000000ad200000)
 Metaspace       used 120483K, capacity 126022K, committed 126336K, reserved 1159168K
  class space    used 15799K, capacity 16874K, committed 17024K, reserved 1048576K
Event: 3055.838 GC heap after
Heap after GC invocations=36 (full 4):
 PSYoungGen      total 443904K, used 9305K [0x00000000e0000000, 0x00000000ff900000, 0x0000000100000000)
  eden space 376832K, 0% used [0x00000000e0000000,0x00000000e0000000,0x00000000f7000000)
  from space 67072K, 13% used [0x00000000fb780000,0x00000000fc0964d8,0x00000000ff900000)
  to   space 70144K, 0% used [0x00000000f7000000,0x00000000f7000000,0x00000000fb480000)
 ParOldGen       total 215040K, used 190931K [0x00000000a0000000, 0x00000000ad200000, 0x00000000e0000000)
  object space 215040K, 88% used [0x00000000a0000000,0x00000000aba74d58,0x00000000ad200000)
 Metaspace       used 120483K, capacity 126022K, committed 126336K, reserved 1159168K
  class space    used 15799K, capacity 16874K, committed 17024K, reserved 1048576K
}

